<?xml version="1.0" encoding="UTF-8"?>
<testng-results ignored="0" total="1" passed="1" failed="0" skipped="0">
  <reporter-output>
  </reporter-output>
  <suite started-at="2022-12-21T10:13:07 IST" name="Suite" finished-at="2022-12-21T10:13:08 IST" duration-ms="76">
    <groups>
      <group name="smoke">
        <method signature="practice1.shivu()[pri:0, instance:jankinsP.practice1@702b8b12]" name="shivu" class="jankinsP.practice1"/>
      </group> <!-- smoke -->
    </groups>
    <test started-at="2022-12-21T10:13:07 IST" name="Test" finished-at="2022-12-21T10:13:08 IST" duration-ms="76">
      <class name="jankinsP.practice1">
        <test-method signature="shivu()[pri:0, instance:jankinsP.practice1@702b8b12]" started-at="2022-12-21T10:13:08 IST" name="shivu" finished-at="2022-12-21T10:13:08 IST" duration-ms="13" status="PASS">
          <reporter-output>
          </reporter-output>
        </test-method> <!-- shivu -->
      </class> <!-- jankinsP.practice1 -->
    </test> <!-- Test -->
  </suite> <!-- Suite -->
</testng-results>
